Using pre-set license
Built from '2021.3/staging' branch; Version is '2021.3.16f1 (4016570cf34f) revision 4200023'; Using compiler version '192829333'; Build Type 'Release'
OS: 'Windows 10  (10.0.19045) 64bit Education' Language: 'en' Physical Memory: 16247 MB
BatchMode: 1, IsHumanControllingUs: 0, StartBugReporterOnCrash: 0, Is64bit: 1, IsPro: 1

COMMAND LINE ARGUMENTS:
C:\Program Files\Unity\Hub\Editor\2021.3.16f1\Editor\Unity.exe
-adb2
-batchMode
-noUpm
-name
AssetImportWorker0
-projectPath
C:/Users/akshit.yadav/Documents/git/RowellPrototypes2022
-logFile
Logs/AssetImportWorker0.log
-srvPort
64503
Successfully changed project path to: C:/Users/akshit.yadav/Documents/git/RowellPrototypes2022
C:/Users/akshit.yadav/Documents/git/RowellPrototypes2022
[UnityMemory] Configuration Parameters - Can be set up in boot.config
    "memorysetup-bucket-allocator-granularity=16"
    "memorysetup-bucket-allocator-bucket-count=8"
    "memorysetup-bucket-allocator-block-size=33554432"
    "memorysetup-bucket-allocator-block-count=8"
    "memorysetup-main-allocator-block-size=16777216"
    "memorysetup-thread-allocator-block-size=16777216"
    "memorysetup-gfx-main-allocator-block-size=16777216"
    "memorysetup-gfx-thread-allocator-block-size=16777216"
    "memorysetup-cache-allocator-block-size=4194304"
    "memorysetup-typetree-allocator-block-size=2097152"
    "memorysetup-profiler-bucket-allocator-granularity=16"
    "memorysetup-profiler-bucket-allocator-bucket-count=8"
    "memorysetup-profiler-bucket-allocator-block-size=33554432"
    "memorysetup-profiler-bucket-allocator-block-count=8"
    "memorysetup-profiler-allocator-block-size=16777216"
    "memorysetup-profiler-editor-allocator-block-size=1048576"
    "memorysetup-temp-allocator-size-main=16777216"
    "memorysetup-job-temp-allocator-block-size=2097152"
    "memorysetup-job-temp-allocator-block-size-background=1048576"
    "memorysetup-job-temp-allocator-reduction-small-platforms=262144"
    "memorysetup-temp-allocator-size-background-worker=32768"
    "memorysetup-temp-allocator-size-job-worker=262144"
    "memorysetup-temp-allocator-size-preload-manager=33554432"
    "memorysetup-temp-allocator-size-nav-mesh-worker=65536"
    "memorysetup-temp-allocator-size-audio-worker=65536"
    "memorysetup-temp-allocator-size-cloud-worker=32768"
    "memorysetup-temp-allocator-size-gi-baking-worker=262144"
    "memorysetup-temp-allocator-size-gfx=262144"
Player connection [11528] Host "[IP] 10.171.129.249 [Port] 0 [Flags] 2 [Guid] 683348824 [EditorId] 683348824 [Version] 1048832 [Id] WindowsEditor(7,JOHN-CADL-W012) [Debug] 1 [PackageName] WindowsEditor [ProjectName] Editor" joined multi-casting on [225.0.0.222:54997]...

Player connection [11528] Host "[IP] 10.171.129.249 [Port] 0 [Flags] 2 [Guid] 683348824 [EditorId] 683348824 [Version] 1048832 [Id] WindowsEditor(7,JOHN-CADL-W012) [Debug] 1 [PackageName] WindowsEditor [ProjectName] Editor" joined alternative multi-casting on [225.0.0.222:34997]...

Refreshing native plugins compatible for Editor in 38.41 ms, found 2 plugins.
Preloading 0 native plugins for Editor in 0.00 ms.
Initialize engine version: 2021.3.16f1 (4016570cf34f)
[Subsystems] Discovering subsystems at path C:/Program Files/Unity/Hub/Editor/2021.3.16f1/Editor/Data/Resources/UnitySubsystems
[Subsystems] Discovering subsystems at path C:/Users/akshit.yadav/Documents/git/RowellPrototypes2022/Assets
GfxDevice: creating device client; threaded=0; jobified=0
Direct3D:
    Version:  Direct3D 11.0 [level 11.1]
    Renderer: Intel(R) HD Graphics 530 (ID=0x1912)
    Vendor:   Intel
    VRAM:     8123 MB
    Driver:   27.20.100.9664
Initialize mono
Mono path[0] = 'C:/Program Files/Unity/Hub/Editor/2021.3.16f1/Editor/Data/Managed'
Mono path[1] = 'C:/Program Files/Unity/Hub/Editor/2021.3.16f1/Editor/Data/MonoBleedingEdge/lib/mono/unityjit-win32'
Mono config path = 'C:/Program Files/Unity/Hub/Editor/2021.3.16f1/Editor/Data/MonoBleedingEdge/etc'
Using monoOptions --debugger-agent=transport=dt_socket,embedding=1,server=y,suspend=n,address=127.0.0.1:56932
Begin MonoManager ReloadAssembly
Registering precompiled unity dll's ...
Register platform support module: C:/Program Files/Unity/Hub/Editor/2021.3.16f1/Editor/Data/PlaybackEngines/WindowsStandaloneSupport/UnityEditor.WindowsStandalone.Extensions.dll
Register platform support module: C:/Program Files/Unity/Hub/Editor/2021.3.16f1/Editor/Data/PlaybackEngines/MetroSupport/UnityEditor.UWP.Extensions.dll
Registered in 0.009364 seconds.
Native extension for UWP target not found
Native extension for WindowsStandalone target not found
Refreshing native plugins compatible for Editor in 36.16 ms, found 2 plugins.
Preloading 0 native plugins for Editor in 0.00 ms.
Mono: successfully reloaded assembly
- Completed reload, in  0.688 seconds
Domain Reload Profiling:
	ReloadAssembly (688ms)
		BeginReloadAssembly (90ms)
			ExecutionOrderSort (0ms)
			DisableScriptedObjects (0ms)
			BackupInstance (0ms)
			ReleaseScriptingObjects (0ms)
			CreateAndSetChildDomain (1ms)
		EndReloadAssembly (466ms)
			LoadAssemblies (88ms)
			RebuildTransferFunctionScriptingTraits (0ms)
			SetupTypeCache (125ms)
			ReleaseScriptCaches (0ms)
			RebuildScriptCaches (30ms)
			SetupLoadedEditorAssemblies (256ms)
				LogAssemblyErrors (0ms)
				InitializePlatformSupportModulesInManaged (10ms)
				SetLoadedEditorAssemblies (0ms)
				RefreshPlugins (36ms)
				BeforeProcessingInitializeOnLoad (2ms)
				ProcessInitializeOnLoadAttributes (158ms)
				ProcessInitializeOnLoadMethodAttributes (50ms)
				AfterProcessingInitializeOnLoad (0ms)
				EditorAssembliesLoaded (0ms)
			ExecutionOrderSort2 (0ms)
			AwakeInstancesAfterBackupRestoration (0ms)
Platform modules already initialized, skipping
Registering precompiled user dll's ...
Registered in 0.005557 seconds.
Begin MonoManager ReloadAssembly
Native extension for UWP target not found
Native extension for WindowsStandalone target not found
Refreshing native plugins compatible for Editor in 0.40 ms, found 2 plugins.
Preloading 0 native plugins for Editor in 0.00 ms.
Mono: successfully reloaded assembly
- Completed reload, in  1.062 seconds
Domain Reload Profiling:
	ReloadAssembly (1063ms)
		BeginReloadAssembly (136ms)
			ExecutionOrderSort (0ms)
			DisableScriptedObjects (6ms)
			BackupInstance (0ms)
			ReleaseScriptingObjects (0ms)
			CreateAndSetChildDomain (21ms)
		EndReloadAssembly (771ms)
			LoadAssemblies (97ms)
			RebuildTransferFunctionScriptingTraits (0ms)
			SetupTypeCache (210ms)
			ReleaseScriptCaches (0ms)
			RebuildScriptCaches (48ms)
			SetupLoadedEditorAssemblies (393ms)
				LogAssemblyErrors (0ms)
				InitializePlatformSupportModulesInManaged (8ms)
				SetLoadedEditorAssemblies (0ms)
				RefreshPlugins (0ms)
				BeforeProcessingInitializeOnLoad (108ms)
				ProcessInitializeOnLoadAttributes (230ms)
				ProcessInitializeOnLoadMethodAttributes (37ms)
				AfterProcessingInitializeOnLoad (9ms)
				EditorAssembliesLoaded (0ms)
			ExecutionOrderSort2 (0ms)
			AwakeInstancesAfterBackupRestoration (7ms)
Platform modules already initialized, skipping
========================================================================
Worker process is ready to serve import requests
Launched and connected shader compiler UnityShaderCompiler.exe after 0.06 seconds
Refreshing native plugins compatible for Editor in 0.39 ms, found 2 plugins.
Preloading 0 native plugins for Editor in 0.00 ms.
Unloading 1848 Unused Serialized files (Serialized files now loaded: 0)
Unloading 23 unused Assets / (56.6 KB). Loaded Objects now: 2337.
Memory consumption went from 91.3 MB to 91.3 MB.
Total: 3.581100 ms (FindLiveObjects: 0.171300 ms CreateObjectMapping: 0.066100 ms MarkObjects: 3.239500 ms  DeleteObjects: 0.103100 ms)

AssetImportParameters requested are different than current active one (requested -> active):
  custom:video-decoder-ogg-theora: a1e56fd34408186e4bbccfd4996cb3dc -> 
  custom:container-muxer-webm: aa71ff27fc2769a1b78a27578f13a17b -> 
  custom:container-demuxer-webm: 4f35f7cbe854078d1ac9338744f61a02 -> 
  custom:video-encoder-webm-vp8: eb34c28f22e8b96e1ab97ce403110664 -> 
  custom:audio-encoder-webm-vorbis: bf7c407c2cedff20999df2af8eb42d56 -> 
  custom:framework-win-MediaFoundation: 216162199b28c13a410421893ffa2e32 -> 
  custom:container-demuxer-ogg: 62fdf1f143b41e24485cea50d1cbac27 -> 
  custom:video-decoder-webm-vp8: 9c59270c3fd7afecdb556c50c9e8de78 -> 
  custom:audio-decoder-ogg-vorbis: bf7c407c2cedff20999df2af8eb42d56 -> 
========================================================================
Received Import Request.
  Time since last request: 90207.112798 seconds.
  path: Assets/1 - Shooter/Scenes/ReflectionProbe-0.exr
  artifactKey: Guid(8e935ae2886e0b94f86a61317989d821) Importer(815301076,1909f56bfc062723c751e8b465ee728b)
Start importing Assets/1 - Shooter/Scenes/ReflectionProbe-0.exr using Guid(8e935ae2886e0b94f86a61317989d821) Importer(815301076,1909f56bfc062723c751e8b465ee728b)  -> (artifact id: '2bcab6c6eeaa4c9e137fe307c03609de') in 0.125053 seconds 
========================================================================
Received Import Request.
  Time since last request: 0.000032 seconds.
  path: Assets/1 - Shooter/Scenes/Level2.unity
  artifactKey: Guid(61f24a0d58cd79746a840ea03ba2cb25) Importer(815301076,1909f56bfc062723c751e8b465ee728b)
Start importing Assets/1 - Shooter/Scenes/Level2.unity using Guid(61f24a0d58cd79746a840ea03ba2cb25) Importer(815301076,1909f56bfc062723c751e8b465ee728b)  -> (artifact id: 'cb54ef0a8e385e4f46a916e72f69715b') in 0.006216 seconds 
========================================================================
Received Import Request.
  Time since last request: 0.000023 seconds.
  path: Assets/1 - Shooter/Scenes/LightingData.asset
  artifactKey: Guid(9f2e58d197e18ff43bb0ed00d7b13ab0) Importer(815301076,1909f56bfc062723c751e8b465ee728b)
Start importing Assets/1 - Shooter/Scenes/LightingData.asset using Guid(9f2e58d197e18ff43bb0ed00d7b13ab0) Importer(815301076,1909f56bfc062723c751e8b465ee728b)  -> (artifact id: '330568b5e0a249fd6736b84e43751c1d') in 0.024618 seconds 
========================================================================
Received Import Request.
  Time since last request: 7.418501 seconds.
  path: Assets/1 - Shooter/Scenes/Level3.unity
  artifactKey: Guid(bf500821c110a544381a950031a92c3a) Importer(815301076,1909f56bfc062723c751e8b465ee728b)
Start importing Assets/1 - Shooter/Scenes/Level3.unity using Guid(bf500821c110a544381a950031a92c3a) Importer(815301076,1909f56bfc062723c751e8b465ee728b)  -> (artifact id: 'a6c2ec120f63ea4edf0b7849b9c092d9') in 0.008928 seconds 
========================================================================
Received Import Request.
  Time since last request: 4.083485 seconds.
  path: Assets/1 - Shooter/Scenes/ShooterTestLevel.unity
  artifactKey: Guid(d967eb1fce7392f419ba31a825a5c4fb) Importer(815301076,1909f56bfc062723c751e8b465ee728b)
Start importing Assets/1 - Shooter/Scenes/ShooterTestLevel.unity using Guid(d967eb1fce7392f419ba31a825a5c4fb) Importer(815301076,1909f56bfc062723c751e8b465ee728b)  -> (artifact id: '6e8f3b36d1024c65d86b15381634441e') in 0.009813 seconds 
========================================================================
Received Import Request.
  Time since last request: 15.433832 seconds.
  path: Assets/1 - Shooter/Images/BottomLeftIndicator.png
  artifactKey: Guid(bd6e4b3236a46a843b54973a9255d1c7) Importer(815301076,1909f56bfc062723c751e8b465ee728b)
Start importing Assets/1 - Shooter/Images/BottomLeftIndicator.png using Guid(bd6e4b3236a46a843b54973a9255d1c7) Importer(815301076,1909f56bfc062723c751e8b465ee728b)  -> (artifact id: '83188693a14fa8aea62051c3cb8ba980') in 0.062642 seconds 
========================================================================
Received Import Request.
  Time since last request: 0.000016 seconds.
  path: Assets/1 - Shooter/Images/TopRightIndicator.png
  artifactKey: Guid(1efe6c043dcb1d4458040804b45b7b65) Importer(815301076,1909f56bfc062723c751e8b465ee728b)
Start importing Assets/1 - Shooter/Images/TopRightIndicator.png using Guid(1efe6c043dcb1d4458040804b45b7b65) Importer(815301076,1909f56bfc062723c751e8b465ee728b)  -> (artifact id: 'da46dd3adcb458d60348a24273bf3cd0') in 0.018153 seconds 
========================================================================
Received Import Request.
  Time since last request: 0.000064 seconds.
  path: Assets/1 - Shooter/Images/TargetReticle.png
  artifactKey: Guid(873407b4e6d992144a23313d5366b3d3) Importer(815301076,1909f56bfc062723c751e8b465ee728b)
Start importing Assets/1 - Shooter/Images/TargetReticle.png using Guid(873407b4e6d992144a23313d5366b3d3) Importer(815301076,1909f56bfc062723c751e8b465ee728b)  -> (artifact id: '17df52009c8ab15892bdcfdcb38e659e') in 0.083876 seconds 
========================================================================
Received Import Request.
  Time since last request: 0.000025 seconds.
  path: Assets/1 - Shooter/Images/TopLeftIndicator.png
  artifactKey: Guid(83adc035917a1934d879052f92e94f34) Importer(815301076,1909f56bfc062723c751e8b465ee728b)
Start importing Assets/1 - Shooter/Images/TopLeftIndicator.png using Guid(83adc035917a1934d879052f92e94f34) Importer(815301076,1909f56bfc062723c751e8b465ee728b)  -> (artifact id: '1ecc4d43b2c14897e0ad7444019c1546') in 0.078992 seconds 
========================================================================
Received Import Request.
  Time since last request: 0.000027 seconds.
  path: Assets/1 - Shooter/Images/BottomRightIndicator.png
  artifactKey: Guid(6bee8e32bcb556244ae03517e49e236d) Importer(815301076,1909f56bfc062723c751e8b465ee728b)
Start importing Assets/1 - Shooter/Images/BottomRightIndicator.png using Guid(6bee8e32bcb556244ae03517e49e236d) Importer(815301076,1909f56bfc062723c751e8b465ee728b)  -> (artifact id: '0f30df00279016d68ad7e4b9cf3a01a3') in 0.018183 seconds 
========================================================================
Received Import Request.
  Time since last request: 0.220748 seconds.
  path: Assets/1 - Shooter/Materials/CubeMaterial.mat
  artifactKey: Guid(ab5ce6ea5c67eb34fb073e1bae68d00e) Importer(815301076,1909f56bfc062723c751e8b465ee728b)
Start importing Assets/1 - Shooter/Materials/CubeMaterial.mat using Guid(ab5ce6ea5c67eb34fb073e1bae68d00e) Importer(815301076,1909f56bfc062723c751e8b465ee728b)  -> (artifact id: '0781f6791498350be45448fa60c5c152') in 0.049709 seconds 
========================================================================
Received Import Request.
  Time since last request: 0.000016 seconds.
  path: Assets/1 - Shooter/Materials/ShooterFPSWeapon.mat
  artifactKey: Guid(31f7dd88223fbdd48b6f53412a11b7c9) Importer(815301076,1909f56bfc062723c751e8b465ee728b)
Start importing Assets/1 - Shooter/Materials/ShooterFPSWeapon.mat using Guid(31f7dd88223fbdd48b6f53412a11b7c9) Importer(815301076,1909f56bfc062723c751e8b465ee728b)  -> (artifact id: '3704f2b45669e00078571eca93b71947') in 0.024685 seconds 
========================================================================
Received Import Request.
  Time since last request: 0.000028 seconds.
  path: Assets/1 - Shooter/Materials/Target.mat
  artifactKey: Guid(a60e9ab7e91685749a315e2c3b117460) Importer(815301076,1909f56bfc062723c751e8b465ee728b)
Start importing Assets/1 - Shooter/Materials/Target.mat using Guid(a60e9ab7e91685749a315e2c3b117460) Importer(815301076,1909f56bfc062723c751e8b465ee728b)  -> (artifact id: 'a308870a324b5a822aa74ea4d33283eb') in 0.024891 seconds 
========================================================================
Received Import Request.
  Time since last request: 0.000026 seconds.
  path: Assets/1 - Shooter/Materials/Enemy.mat
  artifactKey: Guid(acaf582588e2bb843b1333a853ac8e55) Importer(815301076,1909f56bfc062723c751e8b465ee728b)
Start importing Assets/1 - Shooter/Materials/Enemy.mat using Guid(acaf582588e2bb843b1333a853ac8e55) Importer(815301076,1909f56bfc062723c751e8b465ee728b)  -> (artifact id: '969cbfd9232fc22852a93c8c42864d83') in 0.039862 seconds 
========================================================================
Received Import Request.
  Time since last request: 0.000023 seconds.
  path: Assets/1 - Shooter/Materials/CubeTarget.mat
  artifactKey: Guid(f8fac8d5ccf57054e90b18ae9e5bce11) Importer(815301076,1909f56bfc062723c751e8b465ee728b)
Start importing Assets/1 - Shooter/Materials/CubeTarget.mat using Guid(f8fac8d5ccf57054e90b18ae9e5bce11) Importer(815301076,1909f56bfc062723c751e8b465ee728b)  -> (artifact id: '7d820298f05d245bc4b96128a82041fd') in 0.027817 seconds 
========================================================================
Received Prepare
Registering precompiled user dll's ...
Registered in 0.004389 seconds.
Begin MonoManager ReloadAssembly
Native extension for UWP target not found
Native extension for WindowsStandalone target not found
Refreshing native plugins compatible for Editor in 0.52 ms, found 2 plugins.
Preloading 0 native plugins for Editor in 0.00 ms.
Mono: successfully reloaded assembly
- Completed reload, in  1.608 seconds
Domain Reload Profiling:
	ReloadAssembly (1609ms)
		BeginReloadAssembly (182ms)
			ExecutionOrderSort (0ms)
			DisableScriptedObjects (7ms)
			BackupInstance (0ms)
			ReleaseScriptingObjects (0ms)
			CreateAndSetChildDomain (33ms)
		EndReloadAssembly (1314ms)
			LoadAssemblies (134ms)
			RebuildTransferFunctionScriptingTraits (0ms)
			SetupTypeCache (237ms)
			ReleaseScriptCaches (1ms)
			RebuildScriptCaches (51ms)
			SetupLoadedEditorAssemblies (771ms)
				LogAssemblyErrors (0ms)
				InitializePlatformSupportModulesInManaged (31ms)
				SetLoadedEditorAssemblies (1ms)
				RefreshPlugins (1ms)
				BeforeProcessingInitializeOnLoad (88ms)
				ProcessInitializeOnLoadAttributes (502ms)
				ProcessInitializeOnLoadMethodAttributes (83ms)
				AfterProcessingInitializeOnLoad (65ms)
				EditorAssembliesLoaded (1ms)
			ExecutionOrderSort2 (0ms)
			AwakeInstancesAfterBackupRestoration (27ms)
Platform modules already initialized, skipping
Refreshing native plugins compatible for Editor in 3.65 ms, found 2 plugins.
Preloading 0 native plugins for Editor in 0.00 ms.
Unloading 1829 Unused Serialized files (Serialized files now loaded: 0)
Unloading 12 unused Assets / (24.6 KB). Loaded Objects now: 2388.
Memory consumption went from 94.1 MB to 94.0 MB.
Total: 6.686200 ms (FindLiveObjects: 0.432900 ms CreateObjectMapping: 0.270500 ms MarkObjects: 5.856600 ms  DeleteObjects: 0.123900 ms)

AssetImportParameters requested are different than current active one (requested -> active):
  custom:video-decoder-ogg-theora: a1e56fd34408186e4bbccfd4996cb3dc -> 
  custom:container-muxer-webm: aa71ff27fc2769a1b78a27578f13a17b -> 
  custom:container-demuxer-webm: 4f35f7cbe854078d1ac9338744f61a02 -> 
  custom:video-encoder-webm-vp8: eb34c28f22e8b96e1ab97ce403110664 -> 
  custom:audio-encoder-webm-vorbis: bf7c407c2cedff20999df2af8eb42d56 -> 
  custom:framework-win-MediaFoundation: 216162199b28c13a410421893ffa2e32 -> 
  custom:container-demuxer-ogg: 62fdf1f143b41e24485cea50d1cbac27 -> 
  custom:video-decoder-webm-vp8: 9c59270c3fd7afecdb556c50c9e8de78 -> 
  custom:audio-decoder-ogg-vorbis: bf7c407c2cedff20999df2af8eb42d56 -> 
========================================================================
Received Import Request.
  Time since last request: 699.244591 seconds.
  path: Assets/New Terrain 1.asset
  artifactKey: Guid(80639910b2df8e44696766436069a432) Importer(815301076,1909f56bfc062723c751e8b465ee728b)
Start importing Assets/New Terrain 1.asset using Guid(80639910b2df8e44696766436069a432) Importer(815301076,1909f56bfc062723c751e8b465ee728b)  -> (artifact id: '312ac2ca3109e24fff4cdce1c75889d9') in 0.048205 seconds 
========================================================================
Received Import Request.
  Time since last request: 0.000035 seconds.
  path: Assets/New Terrain 3.asset
  artifactKey: Guid(879b2dc86e6520e48a6eaa5ced535300) Importer(815301076,1909f56bfc062723c751e8b465ee728b)
Start importing Assets/New Terrain 3.asset using Guid(879b2dc86e6520e48a6eaa5ced535300) Importer(815301076,1909f56bfc062723c751e8b465ee728b)  -> (artifact id: 'a44dcd4e65a1d3250d4f7e89818a354b') in 0.089600 seconds 
========================================================================
Received Import Request.
  Time since last request: 0.000048 seconds.
  path: Assets/New Terrain.asset
  artifactKey: Guid(0ca64ca1932eb5643adb8f6b1968d439) Importer(815301076,1909f56bfc062723c751e8b465ee728b)
Start importing Assets/New Terrain.asset using Guid(0ca64ca1932eb5643adb8f6b1968d439) Importer(815301076,1909f56bfc062723c751e8b465ee728b)  -> (artifact id: '89829b530b82eed05fbab3c6911ba4d3') in 0.019510 seconds 
========================================================================
Received Import Request.
  Time since last request: 0.000027 seconds.
  path: Assets/New Terrain 2.asset
  artifactKey: Guid(3279d08a9c0d350409d91360b249746b) Importer(815301076,1909f56bfc062723c751e8b465ee728b)
Start importing Assets/New Terrain 2.asset using Guid(3279d08a9c0d350409d91360b249746b) Importer(815301076,1909f56bfc062723c751e8b465ee728b)  -> (artifact id: 'cb5c1cffef570175cf340eeb6824e303') in 0.026695 seconds 
========================================================================
Received Import Request.
  Time since last request: 10.066260 seconds.
  path: Assets/1 - Shooter/Prefabs/Enemy.prefab
  artifactKey: Guid(4964cc88c98662f4e8d66d9b61549aa3) Importer(815301076,1909f56bfc062723c751e8b465ee728b)
Start importing Assets/1 - Shooter/Prefabs/Enemy.prefab using Guid(4964cc88c98662f4e8d66d9b61549aa3) Importer(815301076,1909f56bfc062723c751e8b465ee728b)  -> (artifact id: '59afec3a202b3844a0d272c78a2f3e62') in 0.103938 seconds 
========================================================================
Received Import Request.
  Time since last request: 0.000023 seconds.
  path: Assets/1 - Shooter/Prefabs/Player.prefab
  artifactKey: Guid(f5ec561ad4031934f937e955a20772cf) Importer(815301076,1909f56bfc062723c751e8b465ee728b)
Start importing Assets/1 - Shooter/Prefabs/Player.prefab using Guid(f5ec561ad4031934f937e955a20772cf) Importer(815301076,1909f56bfc062723c751e8b465ee728b)  -> (artifact id: 'e1325e64ec1a17023bfbff73cb4bf06d') in 0.067039 seconds 
========================================================================
Received Import Request.
  Time since last request: 0.000026 seconds.
  path: Assets/1 - Shooter/Prefabs/Target Box.prefab
  artifactKey: Guid(b54426b3217f95f4bacf28a7afe29953) Importer(815301076,1909f56bfc062723c751e8b465ee728b)
Start importing Assets/1 - Shooter/Prefabs/Target Box.prefab using Guid(b54426b3217f95f4bacf28a7afe29953) Importer(815301076,1909f56bfc062723c751e8b465ee728b)  -> (artifact id: '75c04cb97e8c9765f63a51b0d757831f') in 0.025397 seconds 
========================================================================
Received Import Request.
  Time since last request: 0.000023 seconds.
  path: Assets/1 - Shooter/Prefabs/Toggler.prefab
  artifactKey: Guid(6e6ad09343d52b246935553556aba414) Importer(815301076,1909f56bfc062723c751e8b465ee728b)
Start importing Assets/1 - Shooter/Prefabs/Toggler.prefab using Guid(6e6ad09343d52b246935553556aba414) Importer(815301076,1909f56bfc062723c751e8b465ee728b)  -> (artifact id: '608c5296a06884d388bd34261276e218') in 0.026690 seconds 
========================================================================
Received Import Request.
  Time since last request: 0.000020 seconds.
  path: Assets/1 - Shooter/Prefabs/TargetManager.prefab
  artifactKey: Guid(03965cad41f293b4c9dda707e7e5f461) Importer(815301076,1909f56bfc062723c751e8b465ee728b)
Start importing Assets/1 - Shooter/Prefabs/TargetManager.prefab using Guid(03965cad41f293b4c9dda707e7e5f461) Importer(815301076,1909f56bfc062723c751e8b465ee728b)  -> (artifact id: '18e320e0a686ef871604e0dfaa842a9f') in 0.043627 seconds 
========================================================================
Received Import Request.
  Time since last request: 0.000026 seconds.
  path: Assets/1 - Shooter/Prefabs/Target.prefab
  artifactKey: Guid(f16546e4d3e576544952b6551aafb07f) Importer(815301076,1909f56bfc062723c751e8b465ee728b)
Start importing Assets/1 - Shooter/Prefabs/Target.prefab using Guid(f16546e4d3e576544952b6551aafb07f) Importer(815301076,1909f56bfc062723c751e8b465ee728b)  -> (artifact id: '690791eaa7da924018b4d1fd946e9bef') in 0.048219 seconds 
========================================================================
Received Import Request.
  Time since last request: 4.413845 seconds.
  path: Assets/1 - Shooter/Sounds/rifle_fire.wav
  artifactKey: Guid(a297cc2fb45fcc54baa4e9a6956f18e8) Importer(815301076,1909f56bfc062723c751e8b465ee728b)
Start importing Assets/1 - Shooter/Sounds/rifle_fire.wav using Guid(a297cc2fb45fcc54baa4e9a6956f18e8) Importer(815301076,1909f56bfc062723c751e8b465ee728b)  -> (artifact id: '5d5ebfb21193301b2f7f61277494730c') in 0.044374 seconds 
========================================================================
Received Import Request.
  Time since last request: 0.000021 seconds.
  path: Assets/1 - Shooter/Sounds/submachinegun_fire.wav
  artifactKey: Guid(89b81ce697be48549a33ccf17f938068) Importer(815301076,1909f56bfc062723c751e8b465ee728b)
Start importing Assets/1 - Shooter/Sounds/submachinegun_fire.wav using Guid(89b81ce697be48549a33ccf17f938068) Importer(815301076,1909f56bfc062723c751e8b465ee728b)  -> (artifact id: '816f5ced7d8d8fa7ddb860681950c323') in 0.023865 seconds 
========================================================================
Received Import Request.
  Time since last request: 0.000023 seconds.
  path: Assets/1 - Shooter/Sounds/submachinegun_reload.mp3
  artifactKey: Guid(edc715134cc07b14897f30f4c08e3d88) Importer(815301076,1909f56bfc062723c751e8b465ee728b)
Start importing Assets/1 - Shooter/Sounds/submachinegun_reload.mp3 using Guid(edc715134cc07b14897f30f4c08e3d88) Importer(815301076,1909f56bfc062723c751e8b465ee728b)  -> (artifact id: 'af628b4a1628bc08a604f7be10705ed4') in 0.038483 seconds 
========================================================================
Received Import Request.
  Time since last request: 0.000028 seconds.
  path: Assets/1 - Shooter/Sounds/rifle_reload.wav
  artifactKey: Guid(6972787f344fd1d4b85f8a7e7a646bf2) Importer(815301076,1909f56bfc062723c751e8b465ee728b)
Start importing Assets/1 - Shooter/Sounds/rifle_reload.wav using Guid(6972787f344fd1d4b85f8a7e7a646bf2) Importer(815301076,1909f56bfc062723c751e8b465ee728b)  -> (artifact id: '279d3ea530a9dd65abc87ed5477b23e2') in 0.036881 seconds 
========================================================================
Received Import Request.
  Time since last request: 1.167304 seconds.
  path: Assets/1 - Shooter/Textures/ShooterBgAlbedo.tif
  artifactKey: Guid(d5747c0ad449dc548aa020d83df45f65) Importer(815301076,1909f56bfc062723c751e8b465ee728b)
Start importing Assets/1 - Shooter/Textures/ShooterBgAlbedo.tif using Guid(d5747c0ad449dc548aa020d83df45f65) Importer(815301076,1909f56bfc062723c751e8b465ee728b)  -> (artifact id: 'e5262b2b1468eda1c4bf973f2b7fa57e') in 0.023662 seconds 
========================================================================
Received Import Request.
  Time since last request: 0.000019 seconds.
  path: Assets/1 - Shooter/Textures/ShooterFPSWeaponNormals.tif
  artifactKey: Guid(b9ab8a72f9c36e649b4b69cab41fb7d8) Importer(815301076,1909f56bfc062723c751e8b465ee728b)
Start importing Assets/1 - Shooter/Textures/ShooterFPSWeaponNormals.tif using Guid(b9ab8a72f9c36e649b4b69cab41fb7d8) Importer(815301076,1909f56bfc062723c751e8b465ee728b)  -> (artifact id: '51f359a7b7ba543b98bc56d621b7a1e3') in 0.056465 seconds 
========================================================================
Received Import Request.
  Time since last request: 0.000022 seconds.
  path: Assets/1 - Shooter/Textures/ShooterFPSWeaponOcclusion.tif
  artifactKey: Guid(0d318fb6db4fb694ca0f2da024066ac3) Importer(815301076,1909f56bfc062723c751e8b465ee728b)
Start importing Assets/1 - Shooter/Textures/ShooterFPSWeaponOcclusion.tif using Guid(0d318fb6db4fb694ca0f2da024066ac3) Importer(815301076,1909f56bfc062723c751e8b465ee728b)  -> (artifact id: '6f7d8ed1a3a41b01b7f5e7abc7d6f674') in 0.021175 seconds 
========================================================================
Received Import Request.
  Time since last request: 0.000034 seconds.
  path: Assets/1 - Shooter/Textures/ShooterFPSWeaponAlbedo.tif
  artifactKey: Guid(fce7035b42ffdfd4d8944c5cf433df05) Importer(815301076,1909f56bfc062723c751e8b465ee728b)
Start importing Assets/1 - Shooter/Textures/ShooterFPSWeaponAlbedo.tif using Guid(fce7035b42ffdfd4d8944c5cf433df05) Importer(815301076,1909f56bfc062723c751e8b465ee728b)  -> (artifact id: 'a6991c2fd200129419a6cca2c2968288') in 0.040301 seconds 
========================================================================
Received Import Request.
  Time since last request: 0.000051 seconds.
  path: Assets/1 - Shooter/Textures/ShooterBlobShadowAlbedo.tif
  artifactKey: Guid(b3ce4dd229715a8429b80ea1ab0f65a2) Importer(815301076,1909f56bfc062723c751e8b465ee728b)
Start importing Assets/1 - Shooter/Textures/ShooterBlobShadowAlbedo.tif using Guid(b3ce4dd229715a8429b80ea1ab0f65a2) Importer(815301076,1909f56bfc062723c751e8b465ee728b)  -> (artifact id: '97d3b5c1958b09ca352aafb278d8cc10') in 0.025977 seconds 
========================================================================
Received Import Request.
  Time since last request: 0.000018 seconds.
  path: Assets/1 - Shooter/Textures/ShooterFPSWeapon2Occlusion.tif
  artifactKey: Guid(f41c2ebfb03c2fc45adc3e1aef45f4a1) Importer(815301076,1909f56bfc062723c751e8b465ee728b)
Start importing Assets/1 - Shooter/Textures/ShooterFPSWeapon2Occlusion.tif using Guid(f41c2ebfb03c2fc45adc3e1aef45f4a1) Importer(815301076,1909f56bfc062723c751e8b465ee728b)  -> (artifact id: '58b018b18998aafd6b4f41cac89b1202') in 0.028909 seconds 
========================================================================
Received Import Request.
  Time since last request: 0.000048 seconds.
  path: Assets/1 - Shooter/Textures/ShooterTargetAlbedo.tif
  artifactKey: Guid(a63ed13f9d17cde4a98c66d2848d9bc5) Importer(815301076,1909f56bfc062723c751e8b465ee728b)
Start importing Assets/1 - Shooter/Textures/ShooterTargetAlbedo.tif using Guid(a63ed13f9d17cde4a98c66d2848d9bc5) Importer(815301076,1909f56bfc062723c751e8b465ee728b)  -> (artifact id: '9e6c21b6bbd0744ea915e8963a6cd1d4') in 0.044884 seconds 
========================================================================
Received Import Request.
  Time since last request: 0.000033 seconds.
  path: Assets/1 - Shooter/Textures/ShooterSkybox.png
  artifactKey: Guid(78fde74ca5520cb4b979933655a20804) Importer(815301076,1909f56bfc062723c751e8b465ee728b)
Start importing Assets/1 - Shooter/Textures/ShooterSkybox.png using Guid(78fde74ca5520cb4b979933655a20804) Importer(815301076,1909f56bfc062723c751e8b465ee728b)  -> (artifact id: '4328f92b2784fdf3137518d14900af43') in 0.034345 seconds 
